SF:lib/data/db/models/todo_item.dart
DA:6,1
LF:1
LH:1
end_of_record
SF:lib/domain/usecases/todo/add_todo.dart
DA:5,1
DA:7,3
LF:2
LH:2
end_of_record
SF:lib/domain/usecases/todo/get_todos.dart
DA:6,1
DA:8,3
LF:2
LH:2
end_of_record
SF:lib/domain/usecases/todo/remove_todo.dart
DA:5,1
DA:7,3
LF:2
LH:2
end_of_record
SF:lib/domain/usecases/todo/toggle_todo_done.dart
DA:5,1
DA:7,3
LF:2
LH:2
end_of_record
SF:lib/domain/usecases/todo/update_todo_title.dart
DA:5,1
DA:7,3
LF:2
LH:2
end_of_record
SF:lib/domain/usecases/todo/watch_todos.dart
DA:6,1
DA:8,3
LF:2
LH:2
end_of_record
SF:lib/presentation/todo/todo_view_model.dart
DA:15,2
DA:20,1
DA:25,1
DA:26,1
DA:27,1
DA:41,1
DA:48,1
DA:50,1
DA:51,1
DA:52,3
DA:54,2
DA:55,3
DA:56,3
DA:58,0
DA:59,0
DA:63,1
DA:64,4
DA:65,3
DA:66,3
DA:70,1
DA:71,2
DA:73,3
DA:74,2
DA:76,0
DA:77,0
DA:79,3
DA:83,1
DA:84,2
DA:86,2
DA:88,0
DA:89,0
DA:93,1
DA:94,2
DA:96,3
DA:97,2
DA:99,0
DA:100,0
DA:102,3
DA:106,1
DA:107,2
DA:109,3
DA:110,2
DA:112,0
DA:113,0
DA:115,3
LF:45
LH:35
end_of_record
SF:lib/base/logger.dart
DA:8,1
DA:10,2
DA:16,0
DA:18,3
DA:20,1
DA:21,1
DA:24,1
DA:25,1
DA:28,0
DA:29,0
DA:32,0
DA:33,0
DA:36,1
DA:38,6
DA:39,2
DA:40,1
DA:41,1
DA:42,3
DA:43,0
DA:45,2
DA:47,0
DA:48,0
DA:49,0
DA:55,1
DA:57,1
DA:59,1
DA:61,0
DA:63,0
DA:65,0
DA:70,0
DA:72,0
DA:74,0
DA:76,0
DA:78,0
DA:80,0
DA:85,1
DA:87,2
DA:88,2
DA:89,1
DA:91,1
DA:92,2
DA:93,4
DA:94,1
DA:97,0
DA:98,0
DA:99,0
DA:100,0
DA:101,0
DA:109,1
DA:110,2
DA:111,1
DA:112,2
DA:113,0
DA:114,0
DA:115,0
DA:116,0
LF:56
LH:29
end_of_record
